INFO [2024-07-17 12:01:34] $x
INFO [2024-07-17 12:01:34] venn_data
INFO [2024-07-17 12:01:34] 
INFO [2024-07-17 12:01:34] $category.names
INFO [2024-07-17 12:01:34] c("1,2,4", "3", "1,2,4")
INFO [2024-07-17 12:01:34] 
INFO [2024-07-17 12:01:34] $output
INFO [2024-07-17 12:01:34] [1] TRUE
INFO [2024-07-17 12:01:34] 
INFO [2024-07-17 12:01:34] $main
INFO [2024-07-17 12:01:34] [1] "Count of componds in each group"
INFO [2024-07-17 12:01:34] 
INFO [2024-07-17 12:01:34] $filename
INFO [2024-07-17 12:01:34] NULL
INFO [2024-07-17 12:01:34] 
INFO [2024-07-17 12:01:34] $fill
INFO [2024-07-17 12:01:34] c("red", "darkorange", "blue")
INFO [2024-07-17 12:01:34] 
INFO [2024-07-17 12:01:34] $alpha
INFO [2024-07-17 12:01:34] [1] 0.5
INFO [2024-07-17 12:01:34] 
INFO [2024-07-17 12:01:34] $cat.col
INFO [2024-07-17 12:01:34] c("red", "darkorange", "blue")
INFO [2024-07-17 12:01:34] 
INFO [2024-07-17 12:01:34] $cat.cex
INFO [2024-07-17 12:01:34] [1] 1.5
INFO [2024-07-17 12:01:34] 
INFO [2024-07-17 12:01:34] $cat.fontface
INFO [2024-07-17 12:01:34] [1] "bold"
INFO [2024-07-17 12:01:34] 
